[GIN-debug] [WARNING] Creating an Engine instance with the Logger and Recovery middleware already attached.

[GIN-debug] [WARNING] Running in "debug" mode. Switch to "release" mode in production.
 - using env:	export GIN_MODE=release
 - using code:	gin.SetMode(gin.ReleaseMode)

[GIN-debug] GET    /api/get-join-token       --> main.main.func1 (3 handlers)
[GIN-debug] GET    /api/create-room          --> main.main.func2 (3 handlers)
[GIN-debug] GET    /api/list-room            --> main.main.func3 (3 handlers)
[GIN-debug] GET    /api/delete-room          --> main.main.func4 (3 handlers)
[GIN-debug] GET    /api/list-participants    --> main.main.func5 (3 handlers)
[GIN-debug] GET    /api/remove-participant   --> main.main.func6 (3 handlers)
[GIN-debug] GET    /api/mute-mic-participant --> main.main.func7 (3 handlers)
[GIN-debug] [WARNING] You trusted all proxies, this is NOT safe. We recommend you to set a value.
Please check https://pkg.go.dev/github.com/gin-gonic/gin#readme-don-t-trust-all-proxies for details.
[GIN-debug] Listening and serving HTTP on :1010
[GIN-debug] [WARNING] Creating an Engine instance with the Logger and Recovery middleware already attached.

[GIN-debug] [WARNING] Running in "debug" mode. Switch to "release" mode in production.
 - using env:	export GIN_MODE=release
 - using code:	gin.SetMode(gin.ReleaseMode)

[GIN-debug] GET    /api/get-join-token       --> main.main.func1 (3 handlers)
[GIN-debug] GET    /api/create-room          --> main.main.func2 (3 handlers)
[GIN-debug] GET    /api/list-room            --> main.main.func3 (3 handlers)
[GIN-debug] GET    /api/delete-room          --> main.main.func4 (3 handlers)
[GIN-debug] GET    /api/list-participants    --> main.main.func5 (3 handlers)
[GIN-debug] GET    /api/remove-participant   --> main.main.func6 (3 handlers)
[GIN-debug] GET    /api/mute-mic-participant --> main.main.func7 (3 handlers)
[GIN-debug] [WARNING] You trusted all proxies, this is NOT safe. We recommend you to set a value.
Please check https://pkg.go.dev/github.com/gin-gonic/gin#readme-don-t-trust-all-proxies for details.
[GIN-debug] Listening and serving HTTP on :1010
[GIN-debug] [WARNING] Creating an Engine instance with the Logger and Recovery middleware already attached.

[GIN-debug] [WARNING] Running in "debug" mode. Switch to "release" mode in production.
 - using env:	export GIN_MODE=release
 - using code:	gin.SetMode(gin.ReleaseMode)

[GIN-debug] GET    /api/get-join-token       --> main.main.func1 (3 handlers)
[GIN-debug] GET    /api/create-room          --> main.main.func2 (3 handlers)
[GIN-debug] GET    /api/list-room            --> main.main.func3 (3 handlers)
[GIN-debug] GET    /api/delete-room          --> main.main.func4 (3 handlers)
[GIN-debug] GET    /api/list-participants    --> main.main.func5 (3 handlers)
[GIN-debug] GET    /api/remove-participant   --> main.main.func6 (3 handlers)
[GIN-debug] GET    /api/mute-mic-participant --> main.main.func7 (3 handlers)
[GIN-debug] [WARNING] You trusted all proxies, this is NOT safe. We recommend you to set a value.
Please check https://pkg.go.dev/github.com/gin-gonic/gin#readme-don-t-trust-all-proxies for details.
[GIN-debug] Listening and serving HTTP on :1010
[GIN] 2022/05/05 - 16:42:22 | 200 |    1.330075ms |  172.30.113.140 | GET      "/api/get-join-token?user-name=khang%20cty&room-name=vip"
[GIN] 2022/05/05 - 16:42:54 | 200 |     312.904µs |  172.30.113.140 | GET      "/api/get-join-token?user-name=khang%20cty&room-name=vip"
[GIN] 2022/05/05 - 16:44:40 | 200 |      379.83µs |  172.30.113.140 | GET      "/api/get-join-token?user-name=khang%20cty&room-name=vip"
